<?xml version="1.0" encoding="UTF-8"?>
<!-- Generated by org.testng.reporters.JUnitReportReporter -->
<testsuite skipped="0" hostname="ESMDLT0040" name="Tests.Test99GuruLoginWithPageFactory" tests="1" failures="0" timestamp="27 Jan 2018 11:42:59 GMT" time="58.899" errors="0">
  <testcase name="test_Home_Page_Appear_Correct" time="58.899" classname="Tests.Test99GuruLoginWithPageFactory"/>
</testsuite> <!-- Tests.Test99GuruLoginWithPageFactory -->
