<?xml version="1.0" encoding="UTF-8"?>
<!-- Generated by org.testng.reporters.JUnitReportReporter -->
<testsuite skipped="0" hostname="ESMDLT0040" name="run.runTest" tests="1" failures="0" timestamp="01 Feb 2018 19:45:30 GMT" time="129.002" errors="0">
  <testcase name="run" time="129.002" classname="run.runTest"/>
</testsuite> <!-- run.runTest -->
