<?xml version="1.0" encoding="UTF-8"?>
<!-- Generated by org.testng.reporters.JUnitReportReporter -->
<testsuite skipped="0" hostname="ESMDLT0040" name="Tests.DeclinedPaymentOnBooking" tests="1" failures="0" timestamp="01 Feb 2018 12:02:53 GMT" time="47.968" errors="0">
  <testcase name="DeclinedPaymentOnBookingTest" time="47.968" classname="Tests.DeclinedPaymentOnBooking"/>
</testsuite> <!-- Tests.DeclinedPaymentOnBooking -->
